<?xml version="1.0" encoding="UTF-8"?>
<!-- Generated by org.testng.reporters.JUnitReportReporter -->
<testsuite hostname="Yousef" failures="0" tests="2" name="com.ad.task.maven_archetype_lagom_java.Search" time="24.386" errors="0" timestamp="25 Mar 2022 17:37:33 GMT" skipped="0">
  <testcase classname="com.ad.task.maven_archetype_lagom_java.Search" name="randomLinksCheck" time="13.957"/>
  <testcase classname="com.ad.task.maven_archetype_lagom_java.Search" name="searchByKeyWord" time="10.429"/>
</testsuite> <!-- com.ad.task.maven_archetype_lagom_java.Search -->
